<?xml version="1.0" encoding="UTF-8"?>
<!-- Generated by org.testng.reporters.JUnitXMLReporter -->
<testsuite ignored="0" hostname="IBM-PF365QSA" failures="1" tests="1" name="Default test" time="10.145" errors="0" timestamp="2024-04-29T23:26:00 IST">
  <testcase classname="io.cucumber.testng.AbstractTestNGCucumberTests" name="runScenario" time="9.062">
    <failure type="java.lang.NullPointerException" message="Cannot invoke &amp;quot;org.openqa.selenium.WebElement.getText()&amp;quot; because &amp;quot;prod&amp;quot; is null">
      <![CDATA[java.lang.NullPointerException: Cannot invoke "org.openqa.selenium.WebElement.getText()" because "prod" is null
at Swapnal.pageObjects.productCatalogue.getProductByname(productCatalogue.java:49)
at Swapnal.stepDefinitions.stepDefinitionImpl.i_add_product_to_the_cart(stepDefinitionImpl.java:39)
at ✽.I add product ZARA COAT 3 to the Cart(file:///C:/Users/000M8G744/eclipse-workspace/selenium-framework-design/src/test/java/cucumber/SubmitOrder.feature:13)
]]>
    </failure>
  </testcase> <!-- runScenario -->
</testsuite> <!-- Default test -->
