<?xml version="1.0" encoding="UTF-8"?>
<testng-results ignored="0" total="1" passed="0" failed="1" skipped="0">
  <reporter-output>
  </reporter-output>
  <suite started-at="2024-04-29T23:25:50 IST" name="Default suite" finished-at="2024-04-29T23:26:00 IST" duration-ms="10145">
    <groups>
      <group name="cucumber">
        <method signature="AbstractTestNGCucumberTests.runScenario(io.cucumber.testng.PickleWrapper,io.cucumber.testng.FeatureWrapper)[pri:0, instance:cucumber.testNGTestRunner@6fa51cd4]" name="runScenario" class="io.cucumber.testng.AbstractTestNGCucumberTests"/>
      </group> <!-- cucumber -->
    </groups>
    <test started-at="2024-04-29T23:25:50 IST" name="Default test" finished-at="2024-04-29T23:26:00 IST" duration-ms="10145">
      <class name="cucumber.testNGTestRunner">
        <test-method is-config="true" signature="setUpClass(org.testng.ITestContext)[pri:0, instance:cucumber.testNGTestRunner@6fa51cd4]" started-at="2024-04-29T23:25:50 IST" name="setUpClass" finished-at="2024-04-29T23:25:51 IST" duration-ms="977" status="PASS">
          <params>
            <param index="0">
              <value>
                <![CDATA[org.testng.TestRunner@32ec9c90]]>
              </value>
            </param>
          </params>
          <reporter-output>
          </reporter-output>
        </test-method> <!-- setUpClass -->
        <test-method signature="runScenario(io.cucumber.testng.PickleWrapper,io.cucumber.testng.FeatureWrapper)[pri:0, instance:cucumber.testNGTestRunner@6fa51cd4]" started-at="2024-04-29T23:25:51 IST" name="runScenario" description="Runs Cucumber Scenarios" data-provider="scenarios" finished-at="2024-04-29T23:26:00 IST" duration-ms="9062" status="FAIL">
          <params>
            <param index="0">
              <value>
                <![CDATA["Positive testing of submitting the order"]]>
              </value>
            </param>
            <param index="1">
              <value>
                <![CDATA["Purchase the order from the website"]]>
              </value>
            </param>
          </params>
          <exception class="java.lang.NullPointerException">
            <message>
              <![CDATA[Cannot invoke "org.openqa.selenium.WebElement.getText()" because "prod" is null]]>
            </message>
            <full-stacktrace>
              <![CDATA[java.lang.NullPointerException: Cannot invoke "org.openqa.selenium.WebElement.getText()" because "prod" is null
at Swapnal.pageObjects.productCatalogue.getProductByname(productCatalogue.java:49)
at Swapnal.stepDefinitions.stepDefinitionImpl.i_add_product_to_the_cart(stepDefinitionImpl.java:39)
at ✽.I add product ZARA COAT 3 to the Cart(file:///C:/Users/000M8G744/eclipse-workspace/selenium-framework-design/src/test/java/cucumber/SubmitOrder.feature:13)
]]>
            </full-stacktrace>
          </exception> <!-- java.lang.NullPointerException -->
          <reporter-output>
          </reporter-output>
        </test-method> <!-- runScenario -->
        <test-method is-config="true" signature="tearDownClass()[pri:0, instance:cucumber.testNGTestRunner@6fa51cd4]" started-at="2024-04-29T23:26:00 IST" name="tearDownClass" finished-at="2024-04-29T23:26:00 IST" duration-ms="44" status="PASS">
          <reporter-output>
          </reporter-output>
        </test-method> <!-- tearDownClass -->
      </class> <!-- cucumber.testNGTestRunner -->
    </test> <!-- Default test -->
  </suite> <!-- Default suite -->
</testng-results>
