<?xml version="1.0" encoding="UTF-8"?>
<!-- Generated by org.testng.reporters.JUnitReportReporter -->
<testsuite hostname="IBM-PF365QSA" failures="0" tests="1" name="cucumber.testNGTestRunner" time="9.062" errors="1" timestamp="2024-04-29T23:26:01 IST" skipped="0">
  <testcase classname="cucumber.testNGTestRunner" name="runScenario" time="9.062">
    <error message="Cannot invoke &quot;org.openqa.selenium.WebElement.getText()&quot; because &quot;prod&quot; is null" type="java.lang.NullPointerException">
      <![CDATA[java.lang.NullPointerException: Cannot invoke "org.openqa.selenium.WebElement.getText()" because "prod" is null
at Swapnal.pageObjects.productCatalogue.getProductByname(productCatalogue.java:49)
at Swapnal.stepDefinitions.stepDefinitionImpl.i_add_product_to_the_cart(stepDefinitionImpl.java:39)
at ✽.I add product ZARA COAT 3 to the Cart(file:///C:/Users/000M8G744/eclipse-workspace/selenium-framework-design/src/test/java/cucumber/SubmitOrder.feature:13)
]]>
    </error>
  </testcase> <!-- runScenario -->
  <system-out/>
</testsuite> <!-- cucumber.testNGTestRunner -->
